<?xml version="1.0" encoding="UTF-8"?>
<testsuite xmlns:xsi="http://www.w3.org/2001/XMLSchema-instance" xsi:noNamespaceSchemaLocation="https://maven.apache.org/surefire/maven-surefire-plugin/xsd/surefire-test-report-3.0.xsd" version="3.0" name="com.example.menu_java_api.MenuJavaApiApplicationTests" time="5.143" tests="1" errors="0" skipped="0" failures="0">
  <properties>
[...]
</properties>
  <testcase name="contextLoads" classname="com.example.menu_java_api.MenuJavaApiApplicationTests" time="1.036">
    <system-out><![CDATA[13:47:54.783 [main] INFO org.springframework.test.context.support.AnnotationConfigContextLoaderUtils -- Could not detect default configuration classes for test class [com.example.menu_java_api.MenuJavaApiApplicationTests]: MenuJavaApiApplicationTests does not declare any static, non-private, non-final, nested classes annotated with @Configuration.
13:47:55.228 [main] INFO org.springframework.boot.test.context.SpringBootTestContextBootstrapper -- Found @SpringBootConfiguration com.example.menu_java_api.MenuJavaApiApplication for test class com.example.menu_java_api.MenuJavaApiApplicationTests
13:47:55.830 [main] INFO org.springframework.boot.devtools.restart.RestartApplicationListener -- Restart disabled due to context in which it is running

  .   ____          _            __ _ _
 /\\ / ___'_ __ _ _(_)_ __  __ _ \ \ \ \
( ( )\___ | '_ | '_| | '_ \/ _` | \ \ \ \
 \\/  ___)| |_)| | | | | || (_| |  ) ) ) )
  '  |____| .__|_| |_|_| |_\__, | / / / /
 =========|_|==============|___/=/_/_/_/

 :: Spring Boot ::                (v3.3.5)

2024-11-19T13:47:56.593-03:00  INFO 14647 --- [menu-java-api] [           main] c.e.m.MenuJavaApiApplicationTests        : Starting MenuJavaApiApplicationTests using Java 17.0.1 with PID 14647 (started by matheus in /home/matheus/Documents/workspace_projects/menu-java-api)
2024-11-19T13:47:56.595-03:00  INFO 14647 --- [menu-java-api] [           main] c.e.m.MenuJavaApiApplicationTests        : No active profile set, falling back to 1 default profile: "default"
2024-11-19T13:47:58.447-03:00  INFO 14647 --- [menu-java-api] [           main] c.e.m.MenuJavaApiApplicationTests        : Started MenuJavaApiApplicationTests in 2.661 seconds (process running for 5.246)
]]></system-out>
  </testcase>
</testsuite>